{"target": 0.025662650305174405, "params": {"BA": 1.0, "EP": 399.0, "L1": 0.0444, "L2": 0.02658285, "LE": 0.0007, "NN": 21.0}, "datetime": {"datetime": "2019-12-05 00:13:54", "elapsed": 0.0, "delta": 0.0}}
{"target": 0.025342250670862067, "params": {"BA": 1.887972684358958, "EP": 350.878276347403, "L1": 0.0207512436184087, "L2": 0.09186922970299836, "LE": 0.004884163046829412, "NN": 34.46975451610583}, "datetime": {"datetime": "2019-12-05 00:15:23", "elapsed": 89.19373, "delta": 89.19373}}
{"target": 0.025832700710581635, "params": {"BA": 4.063631425921262, "EP": 216.99883539171844, "L1": 0.029750370107464574, "L2": 0.01885335074325904, "LE": 0.0008075046135218722, "NN": 39.5376118479588}, "datetime": {"datetime": "2019-12-05 00:16:55", "elapsed": 181.340514, "delta": 92.146784}}
{"target": 0.025575915787514888, "params": {"BA": 2.7652368915838124, "EP": 80.15774973080747, "L1": 0.08800570941700776, "L2": 0.02748123755302324, "LE": 0.004142408767308606, "NN": 21.843197309345918}, "datetime": {"datetime": "2019-12-05 00:17:59", "elapsed": 245.858297, "delta": 64.517783}}
{"target": 0.025422077441483285, "params": {"BA": 3.5151516355179333, "EP": 240.33836787202713, "L1": 0.060032926742836265, "L2": 0.026655329841797172, "LE": 0.002846930337825574, "NN": 20.1435282309515}, "datetime": {"datetime": "2019-12-05 00:19:15", "elapsed": 321.925987, "delta": 76.06769}}
{"target": 0.025866728413466728, "params": {"BA": 2.3102557907549364, "EP": 74.78243424829978, "L1": 0.016644724834006634, "L2": 0.0963966598538874, "LE": 0.00960227113018541, "NN": 17.536586223837407}, "datetime": {"datetime": "2019-12-05 00:20:19", "elapsed": 385.730009, "delta": 63.804022}}
{"target": 0.025674351182810702, "params": {"BA": 1.0972262465179479, "EP": 97.73110762438125, "L1": 0.0700143770512431, "L2": 0.07797350709699744, "LE": 0.00022942863108157093, "NN": 33.10651432519024}, "datetime": {"datetime": "2019-12-05 00:21:27", "elapsed": 453.261434, "delta": 67.531425}}
{"target": 0.02536852478013279, "params": {"BA": 1.006568690864181, "EP": 215.87959252404954, "L1": 0.06401553809547263, "L2": 0.09856387784013847, "LE": 0.0025910500543514163, "NN": 42.09987541051481}, "datetime": {"datetime": "2019-12-05 00:22:42", "elapsed": 528.560249, "delta": 75.298815}}
{"target": 0.025424844064659356, "params": {"BA": 4.481932348005932, "EP": 370.64485329935457, "L1": 0.0003211998319911139, "L2": 0.047001888338581974, "LE": 0.009814689229186345, "NN": 25.957792156114017}, "datetime": {"datetime": "2019-12-05 00:24:12", "elapsed": 618.794488, "delta": 90.234239}}
{"target": 0.02607774951240471, "params": {"BA": 4.2549299103476725, "EP": 227.65346922954154, "L1": 0.07710832330530844, "L2": 0.04854461439134696, "LE": 0.00029121272557081, "NN": 13.461027536088203}, "datetime": {"datetime": "2019-12-05 00:25:34", "elapsed": 700.604321, "delta": 81.809833}}
{"target": 0.024035558685187863, "params": {"BA": 1.4458152495120933, "EP": 115.4731424424081, "L1": 0.09649503772338387, "L2": 0.06321342866850077, "LE": 0.008166620360133357, "NN": 32.64327984371025}, "datetime": {"datetime": "2019-12-05 00:26:43", "elapsed": 769.460997, "delta": 68.856676}}
{"target": 0.015854706819003615, "params": {"BA": 3.5414248223275724, "EP": 328.52290864855604, "L1": 0.09267559326286305, "L2": 0.09127141369400794, "LE": 0.00824812472331321, "NN": 13.768109287092907}, "datetime": {"datetime": "2019-12-05 00:28:12", "elapsed": 858.651886, "delta": 89.190889}}
{"target": 0.025709559546541666, "params": {"BA": 2.4441936738552363, "EP": 33.4934320689255, "L1": 0.05468119901922661, "L2": 0.07963465781351482, "LE": 0.000511522916733161, "NN": 17.546709431724317}, "datetime": {"datetime": "2019-12-05 00:29:15", "elapsed": 921.691043, "delta": 63.039157}}
{"target": 0.025224360804315497, "params": {"BA": 2.461911071648659, "EP": 112.83052944400518, "L1": 0.0795292385448111, "L2": 0.03527428408306022, "LE": 0.006388812932835448, "NN": 29.736602075870387}, "datetime": {"datetime": "2019-12-05 00:30:20", "elapsed": 986.400037, "delta": 64.708994}}
{"target": 0.014595628946843454, "params": {"BA": 3.333998974880226, "EP": 376.9337537466436, "L1": 0.09435965419338638, "L2": 0.011258073475638784, "LE": 0.008435565305605627, "NN": 23.841126070238094}, "datetime": {"datetime": "2019-12-05 00:31:55", "elapsed": 1081.526515, "delta": 95.126478}}
{"target": 0.02590206012982334, "params": {"BA": 1.4033090914505806, "EP": 165.69544510550378, "L1": 0.05108444425419087, "L2": 0.09611419788831647, "LE": 0.00371518900201854, "NN": 10.494776464014306}, "datetime": {"datetime": "2019-12-05 00:33:15", "elapsed": 1161.916884, "delta": 80.390369}}
{"target": 0.025572391426781034, "params": {"BA": 4.485702418468681, "EP": 398.56150812599424, "L1": 0.023461381518688672, "L2": 0.05700724079728616, "LE": 0.0008259840441334197, "NN": 49.830892157356644}, "datetime": {"datetime": "2019-12-05 00:36:14", "elapsed": 1340.302336, "delta": 178.385452}}
{"target": 0.02492068426168519, "params": {"BA": 1.9465070373443076, "EP": 20.938187643797995, "L1": 0.06290389547210634, "L2": 0.03429609369413675, "LE": 0.004133829804841556, "NN": 49.98322444177475}, "datetime": {"datetime": "2019-12-05 00:39:05", "elapsed": 1511.013662, "delta": 170.711326}}
{"target": 0.023525530821591905, "params": {"BA": 4.866601251831714, "EP": 303.39021791539744, "L1": 0.035652865053599665, "L2": 0.056342228405743856, "LE": 0.008447394551487223, "NN": 49.42555178385415}, "datetime": {"datetime": "2019-12-05 00:43:34", "elapsed": 1780.372916, "delta": 269.359254}}
{"target": 0.020070811455864063, "params": {"BA": 4.394695330902211, "EP": 399.95879551020624, "L1": 0.05942432845013187, "L2": 0.03113120406315008, "LE": 0.0070561240932620235, "NN": 10.370567612946324}, "datetime": {"datetime": "2019-12-05 00:48:13", "elapsed": 2059.39614, "delta": 279.023224}}
{"target": 0.022108279639697536, "params": {"BA": 1.1106819216539048, "EP": 399.13632942840434, "L1": 0.09154661440919884, "L2": 0.08834661467534557, "LE": 0.003932433175422185, "NN": 49.94181382981794}, "datetime": {"datetime": "2019-12-05 00:52:24", "elapsed": 2310.191235, "delta": 250.795095}}
{"target": 0.02570411440920789, "params": {"BA": 4.994187997617039, "EP": 57.98997325737418, "L1": 0.04090193191270784, "L2": 0.08718354834946564, "LE": 0.0022917030722009557, "NN": 49.77521250457342}, "datetime": {"datetime": "2019-12-05 00:55:10", "elapsed": 2476.341508, "delta": 166.150273}}
{"target": 0.025577255044593742, "params": {"BA": 4.9382821090776305, "EP": 166.54738706185648, "L1": 0.0883955571595919, "L2": 0.02838982318361604, "LE": 0.0005942924107921433, "NN": 49.93714240893786}, "datetime": {"datetime": "2019-12-05 00:58:33", "elapsed": 2679.456282, "delta": 203.114774}}
{"target": 0.025348665007397648, "params": {"BA": 4.63772772914424, "EP": 20.205259381333388, "L1": 0.06548587765836979, "L2": 0.011124616879802481, "LE": 0.003108098826799282, "NN": 11.244905565489853}, "datetime": {"datetime": "2019-12-05 01:00:48", "elapsed": 2814.742923, "delta": 135.286641}}
{"target": 0.025573043433516802, "params": {"BA": 4.930184824445231, "EP": 183.53864143243578, "L1": 0.031029510551418355, "L2": 0.05853502820600375, "LE": 0.003432239990788086, "NN": 27.226753224562867}, "datetime": {"datetime": "2019-12-05 01:04:27", "elapsed": 3033.648471, "delta": 218.905548}}
{"target": 0.02548045847703916, "params": {"BA": 1.021913112459322, "EP": 209.82815610730734, "L1": 0.01002735397632457, "L2": 0.0817508956861763, "LE": 0.004691079198043964, "NN": 49.88999273818224}, "datetime": {"datetime": "2019-12-05 01:08:30", "elapsed": 3276.117291, "delta": 242.46882}}
{"target": 0.0254074513444379, "params": {"BA": 4.69011729600316, "EP": 20.195308019743038, "L1": 0.001005241923119536, "L2": 0.017447233293315396, "LE": 0.00584232799669673, "NN": 11.26911030381411}, "datetime": {"datetime": "2019-12-05 01:11:26", "elapsed": 3452.827324, "delta": 176.710033}}
{"target": 0.025944158618788946, "params": {"BA": 4.9668586624161595, "EP": 133.71590742215764, "L1": 0.020595327128173725, "L2": 0.09008037446991973, "LE": 0.0044404670525201575, "NN": 10.611858864727793}, "datetime": {"datetime": "2019-12-05 01:12:55", "elapsed": 3541.634081, "delta": 88.806757}}
{"target": 0.025232149641537246, "params": {"BA": 4.971425984397433, "EP": 185.18568865342857, "L1": 0.011294165936436517, "L2": 0.03799242508286015, "LE": 0.008556426539748571, "NN": 49.43855029030679}, "datetime": {"datetime": "2019-12-05 01:14:15", "elapsed": 3621.681448, "delta": 80.047367}}
{"target": 0.024826301881233262, "params": {"BA": 4.969586565876095, "EP": 20.969310655186387, "L1": 0.0010567692020963123, "L2": 0.07797213052375623, "LE": 0.0050826662575004745, "NN": 49.1705613846051}, "datetime": {"datetime": "2019-12-05 01:15:21", "elapsed": 3687.380571, "delta": 65.699123}}
{"target": 0.025617203673511706, "params": {"BA": 1.004095165665063, "EP": 25.35594606059052, "L1": 0.015732058442865692, "L2": 0.08816701630453859, "LE": 0.0049402085859850085, "NN": 10.01985019360552}, "datetime": {"datetime": "2019-12-05 01:16:48", "elapsed": 3774.124212, "delta": 86.743641}}
{"target": 0.026199410444936476, "params": {"BA": 4.977678717862282, "EP": 69.3375676580544, "L1": 0.01742459783182414, "L2": 0.0620029031818954, "LE": 0.0049766163600928216, "NN": 10.060459506045841}, "datetime": {"datetime": "2019-12-05 01:19:20", "elapsed": 3926.209215, "delta": 152.085003}}
{"target": 0.026030646431197076, "params": {"BA": 1.051783763424703, "EP": 157.4974835435899, "L1": 0.0006334020740537764, "L2": 0.027841635992408617, "LE": 0.004350361814827692, "NN": 10.545674210839415}, "datetime": {"datetime": "2019-12-05 01:20:50", "elapsed": 4016.334512, "delta": 90.125297}}
{"target": 0.025722934495526522, "params": {"BA": 4.993863242648684, "EP": 134.36270131182374, "L1": 0.023384991149373757, "L2": 0.05028752388098351, "LE": 0.0073708419696550224, "NN": 10.113014573681687}, "datetime": {"datetime": "2019-12-05 01:23:05", "elapsed": 4151.468618, "delta": 135.134106}}
{"target": 0.025459858588549926, "params": {"BA": 1.04193521450371, "EP": 20.373705374229854, "L1": 0.011762462825794007, "L2": 0.0750757286315811, "LE": 0.002217899758293329, "NN": 10.103499569691895}, "datetime": {"datetime": "2019-12-05 01:25:23", "elapsed": 4289.829293, "delta": 138.360675}}
{"target": 0.025581184706811935, "params": {"BA": 1.0116713730371596, "EP": 195.87925198419904, "L1": 0.016996303574378313, "L2": 0.00018533134026391872, "LE": 0.0021151266941923275, "NN": 49.91324689755088}, "datetime": {"datetime": "2019-12-05 01:26:52", "elapsed": 4378.324722, "delta": 88.495429}}
{"target": 0.026135002752525748, "params": {"BA": 4.803230322896724, "EP": 76.70077655578834, "L1": 0.0057906500219374775, "L2": 0.006336967119719293, "LE": 0.0031998025142276447, "NN": 10.010012289690282}, "datetime": {"datetime": "2019-12-05 01:28:20", "elapsed": 4466.779815, "delta": 88.455093}}
{"target": 0.025927770341376645, "params": {"BA": 4.986409199641608, "EP": 144.48865445178086, "L1": 0.002364104164871951, "L2": 0.09547717377925105, "LE": 0.004639649579379148, "NN": 10.76638895046569}, "datetime": {"datetime": "2019-12-05 01:31:05", "elapsed": 4631.425277, "delta": 164.645462}}
{"target": 0.025272979360638693, "params": {"BA": 4.9415669283875765, "EP": 21.489469636547792, "L1": 0.00719303678070499, "L2": 0.0306907622751801, "LE": 0.006877250549959667, "NN": 11.023693542282347}, "datetime": {"datetime": "2019-12-05 01:32:46", "elapsed": 4732.512608, "delta": 101.087331}}
{"target": 0.025705400800875727, "params": {"BA": 4.977598434922841, "EP": 173.87971852005822, "L1": 0.013335741016669123, "L2": 0.04744389123461966, "LE": 0.0014013793969883748, "NN": 49.97695937152209}, "datetime": {"datetime": "2019-12-05 01:34:36", "elapsed": 4841.976289, "delta": 109.463681}}
{"target": 0.026001182775462275, "params": {"BA": 1.0122692714692278, "EP": 82.4563252545896, "L1": 0.0064692489285624955, "L2": 0.06953499250656285, "LE": 0.009187304880821121, "NN": 10.31722662525388}, "datetime": {"datetime": "2019-12-05 01:36:02", "elapsed": 4928.899816, "delta": 86.923527}}
{"target": 0.025858111351472528, "params": {"BA": 1.1036061726861988, "EP": 157.3735908454797, "L1": 0.011461652238661359, "L2": 0.03183561634301708, "LE": 0.006626709555405268, "NN": 10.519011622424115}, "datetime": {"datetime": "2019-12-05 01:37:38", "elapsed": 5024.288076, "delta": 95.38826}}
{"target": 0.025879662817359875, "params": {"BA": 4.976111276678163, "EP": 80.80573321297044, "L1": 0.003942176369737238, "L2": 0.06764733458812656, "LE": 0.00794955516621843, "NN": 10.254503996676988}, "datetime": {"datetime": "2019-12-05 01:39:17", "elapsed": 5123.294218, "delta": 99.006142}}
{"target": 0.026045290150046165, "params": {"BA": 1.0301773578967728, "EP": 115.72698219808781, "L1": 0.008869127431377072, "L2": 0.04699290247188028, "LE": 0.003898085030839189, "NN": 10.20079944240539}, "datetime": {"datetime": "2019-12-05 01:41:12", "elapsed": 5238.479935, "delta": 115.185717}}
{"target": 0.02554782663246628, "params": {"BA": 1.0321408231979432, "EP": 181.34287102154153, "L1": 0.017677399924970725, "L2": 0.025938762494986476, "LE": 0.0047195813218368, "NN": 49.95190030756174}, "datetime": {"datetime": "2019-12-05 01:44:22", "elapsed": 5428.400715, "delta": 189.92078}}
{"target": 0.02575955260355102, "params": {"BA": 4.99662008100335, "EP": 143.82556098465412, "L1": 0.012495945502656786, "L2": 0.08729961154759566, "LE": 0.008971013974177489, "NN": 10.583810213123218}, "datetime": {"datetime": "2019-12-05 01:46:11", "elapsed": 5537.925137, "delta": 109.524422}}
{"target": 0.025917391099015526, "params": {"BA": 1.0110467799790395, "EP": 86.06959868577067, "L1": 0.04136899061687264, "L2": 0.0024372574572458904, "LE": 0.004857060682017268, "NN": 10.006005263992082}, "datetime": {"datetime": "2019-12-05 01:48:27", "elapsed": 5673.365289, "delta": 135.440152}}
{"target": 0.02603681406248131, "params": {"BA": 4.959453524736917, "EP": 69.00092018690093, "L1": 0.028174684622785513, "L2": 0.094460299541454, "LE": 0.005920765941474521, "NN": 10.038770238782085}, "datetime": {"datetime": "2019-12-05 01:50:34", "elapsed": 5800.932412, "delta": 127.567123}}
{"target": 0.025836066475082423, "params": {"BA": 4.953728101128396, "EP": 70.43775579814691, "L1": 0.006534391260337353, "L2": 0.05561973573221229, "LE": 0.009610170121889732, "NN": 10.056423542403174}, "datetime": {"datetime": "2019-12-05 01:52:42", "elapsed": 5928.801938, "delta": 127.869526}}
