{"target": 0.036636113824732516, "params": {"A": 0.2975739222698681, "NN": 266.39039960611785}, "datetime": {"datetime": "2019-12-07 13:47:14", "elapsed": 0.0, "delta": 0.0}}
{"target": 0.03664142949368901, "params": {"A": 0.28398004825208956, "NN": 278.8388360638596}, "datetime": {"datetime": "2019-12-07 13:47:41", "elapsed": 26.574386, "delta": 26.574386}}
{"target": 0.036636800188581294, "params": {"A": 0.5346859580273979, "NN": 199.05340435468787}, "datetime": {"datetime": "2019-12-07 13:48:11", "elapsed": 56.447213, "delta": 29.872827}}
{"target": 0.0366357779445512, "params": {"A": 0.7816579922674809, "NN": 174.78867684696525}, "datetime": {"datetime": "2019-12-07 13:48:38", "elapsed": 83.670786, "delta": 27.223573}}
{"target": 0.036636152767362234, "params": {"A": 0.3641524464028375, "NN": 88.80751945192543}, "datetime": {"datetime": "2019-12-07 13:49:01", "elapsed": 106.093437, "delta": 22.422651}}
{"target": 0.03663583635849578, "params": {"A": 0.17185972920073864, "NN": 231.99447701173222}, "datetime": {"datetime": "2019-12-07 13:49:27", "elapsed": 132.665613, "delta": 26.572176}}
{"target": 0.03663639129096926, "params": {"A": 0.49276520837739823, "NN": 81.16056560528932}, "datetime": {"datetime": "2019-12-07 13:49:50", "elapsed": 155.936608, "delta": 23.270995}}
{"target": 0.0366357779445512, "params": {"A": 0.8831439577691382, "NN": 111.26248011797841}, "datetime": {"datetime": "2019-12-07 13:50:16", "elapsed": 181.356552, "delta": 25.419944}}
{"target": 0.036636800188581294, "params": {"A": 0.4686691669821357, "NN": 116.98078251074847}, "datetime": {"datetime": "2019-12-07 13:50:44", "elapsed": 209.207916, "delta": 27.851364}}
{"target": 0.03663594831855621, "params": {"A": 0.6596212389027402, "NN": 190.75783064928171}, "datetime": {"datetime": "2019-12-07 13:51:09", "elapsed": 234.160672, "delta": 24.952756}}
{"target": 0.03663553942094418, "params": {"A": 0.633936984996239, "NN": 109.11297055923188}, "datetime": {"datetime": "2019-12-07 13:51:28", "elapsed": 253.902898, "delta": 19.742226}}
{"target": 0.03663598239335722, "params": {"A": 0.3533704337708138, "NN": 105.93293350118475}, "datetime": {"datetime": "2019-12-07 13:51:47", "elapsed": 272.999142, "delta": 19.096244}}
{"target": 0.03663598239335722, "params": {"A": 0.39153191344297333, "NN": 77.48271816988932}, "datetime": {"datetime": "2019-12-07 13:52:09", "elapsed": 294.486698, "delta": 21.487556}}
{"target": 0.036640991389104684, "params": {"A": 0.24739544646912817, "NN": 290.62193755766486}, "datetime": {"datetime": "2019-12-07 13:52:27", "elapsed": 312.865416, "delta": 18.378718}}
{"target": 0.036635430381580965, "params": {"A": 0.9546017766042675, "NN": 88.98781045494314}, "datetime": {"datetime": "2019-12-07 13:52:45", "elapsed": 330.890266, "delta": 18.02485}}
{"target": 0.036641239648369135, "params": {"A": 0.16288263609422843, "NN": 299.9926939509525}, "datetime": {"datetime": "2019-12-07 13:53:09", "elapsed": 354.2817, "delta": 23.391434}}
{"target": 0.03664170695992575, "params": {"A": 0.48403049564592826, "NN": 299.98240826365793}, "datetime": {"datetime": "2019-12-07 13:53:32", "elapsed": 377.353291, "delta": 23.071591}}
{"target": 0.036636561664974275, "params": {"A": 0.581084601391414, "NN": 40.00800662613289}, "datetime": {"datetime": "2019-12-07 13:53:53", "elapsed": 398.895528, "delta": 21.542237}}
{"target": 0.03664170695992575, "params": {"A": 0.5365494712486472, "NN": 299.86039733676074}, "datetime": {"datetime": "2019-12-07 13:54:19", "elapsed": 425.076324, "delta": 26.180796}}
{"target": 0.036636152767362234, "params": {"A": 0.3747802856372072, "NN": 40.00102096671797}, "datetime": {"datetime": "2019-12-07 13:54:43", "elapsed": 448.910082, "delta": 23.833758}}
{"target": 0.03663732710399616, "params": {"A": 0.10108092308635766, "NN": 299.8509176670256}, "datetime": {"datetime": "2019-12-07 13:55:08", "elapsed": 473.450681, "delta": 24.540599}}
{"target": 0.03663553942094418, "params": {"A": 0.6319520468259457, "NN": 40.02894944614793}, "datetime": {"datetime": "2019-12-07 13:55:31", "elapsed": 496.794033, "delta": 23.343352}}
{"target": 0.036640684715895655, "params": {"A": 0.8632229723197249, "NN": 299.926536691035}, "datetime": {"datetime": "2019-12-07 13:55:56", "elapsed": 521.457425, "delta": 24.663392}}
{"target": 0.03663585096198192, "params": {"A": 0.2435267810788778, "NN": 40.30672542231676}, "datetime": {"datetime": "2019-12-07 13:56:17", "elapsed": 542.639859, "delta": 21.182434}}
{"target": 0.036640684715895655, "params": {"A": 0.6567512640992178, "NN": 299.7538606736666}, "datetime": {"datetime": "2019-12-07 13:56:41", "elapsed": 566.244275, "delta": 23.604416}}
{"target": 0.03663553942094418, "params": {"A": 0.9001374918322493, "NN": 40.21676452109981}, "datetime": {"datetime": "2019-12-07 13:57:03", "elapsed": 588.503616, "delta": 22.259341}}
{"target": 0.036640684715895655, "params": {"A": 0.9373080280820312, "NN": 299.99692507577805}, "datetime": {"datetime": "2019-12-07 13:57:27", "elapsed": 612.32798, "delta": 23.824364}}
{"target": 0.036631319013448495, "params": {"A": 0.14593297203211353, "NN": 40.076778730502724}, "datetime": {"datetime": "2019-12-07 13:57:50", "elapsed": 635.795067, "delta": 23.467087}}
{"target": 0.036640684715895655, "params": {"A": 0.6232699386939188, "NN": 299.66365702664046}, "datetime": {"datetime": "2019-12-07 13:58:16", "elapsed": 661.306778, "delta": 25.511711}}
{"target": 0.03663553942094418, "params": {"A": 0.9325979406206696, "NN": 40.23033623567218}, "datetime": {"datetime": "2019-12-07 13:58:41", "elapsed": 686.807019, "delta": 25.500241}}
{"target": 0.036640684715895655, "params": {"A": 0.7779532652093737, "NN": 299.80109179687537}, "datetime": {"datetime": "2019-12-07 13:59:05", "elapsed": 710.652509, "delta": 23.84549}}
{"target": 0.03663553942094418, "params": {"A": 0.9392454499369622, "NN": 40.19771724095481}, "datetime": {"datetime": "2019-12-07 13:59:28", "elapsed": 733.629172, "delta": 22.976663}}
{"target": 0.036641346740600864, "params": {"A": 0.2893959526843748, "NN": 299.6971902993523}, "datetime": {"datetime": "2019-12-07 13:59:55", "elapsed": 760.758273, "delta": 27.129101}}
{"target": 0.03663585096198192, "params": {"A": 0.2545479346093694, "NN": 40.04304884660499}, "datetime": {"datetime": "2019-12-07 14:00:22", "elapsed": 787.541092, "delta": 26.782819}}
{"target": 0.03664060683063622, "params": {"A": 0.19205023183589345, "NN": 299.38422165429216}, "datetime": {"datetime": "2019-12-07 14:00:51", "elapsed": 816.463668, "delta": 28.922576}}
