{"target": 0.027586186312108192, "params": {"L1": 0.11107438622776078, "L2": 0.43537907985807045, "LE": 0.02067984834238925, "NN": 462.56101765144393}, "datetime": {"datetime": "2019-12-08 14:43:24", "elapsed": 0.0, "delta": 0.0}}
{"target": 0.014600961524461761, "params": {"L1": 0.24425675327853508, "L2": 0.30591075706503257, "LE": 0.07659312656946676, "NN": 278.4722744215539}, "datetime": {"datetime": "2019-12-08 14:48:52", "elapsed": 328.358927, "delta": 328.358927}}
{"target": 0.026395841159187354, "params": {"L1": 0.14847057073795333, "L2": 0.0939418422077597, "LE": 0.008083319463799837, "NN": 379.6825362515262}, "datetime": {"datetime": "2019-12-08 15:03:36", "elapsed": 1211.910104, "delta": 883.551177}}
{"target": 0.015406827930218109, "params": {"L1": 0.22071048052568695, "L2": 0.07923910286955434, "LE": 0.08799490374981588, "NN": 166.07977251642333}, "datetime": {"datetime": "2019-12-08 15:08:12", "elapsed": 1487.667217, "delta": 275.757113}}
{"target": 0.017329032389571737, "params": {"L1": 0.20717608603861754, "L2": 0.1481103583735506, "LE": 0.06288250300885954, "NN": 306.7253926871907}, "datetime": {"datetime": "2019-12-08 15:14:25", "elapsed": 1860.679493, "delta": 373.012276}}
{"target": 0.020921790963067788, "params": {"L1": 0.3000046053928313, "L2": 0.13298297685600005, "LE": 0.028475741205329967, "NN": 156.65057465594225}, "datetime": {"datetime": "2019-12-08 15:19:28", "elapsed": 2164.218513, "delta": 303.53902}}
{"target": 0.02450413933077662, "params": {"L1": 0.16384921744959816, "L2": 0.0721677338966449, "LE": 0.01656962999151475, "NN": 483.40804337125326}, "datetime": {"datetime": "2019-12-08 15:31:57", "elapsed": 2912.89794, "delta": 748.679427}}
{"target": 0.028598728062129333, "params": {"L1": 0.4801173349713183, "L2": 0.094288486332408, "LE": 0.002440413097332402, "NN": 134.0955513347773}, "datetime": {"datetime": "2019-12-08 15:42:08", "elapsed": 3524.384181, "delta": 611.486241}}
{"target": 0.027909514200103097, "params": {"L1": 0.3499518227018661, "L2": 0.3897793413192093, "LE": 0.0023030799129837576, "NN": 305.7249147396878}, "datetime": {"datetime": "2019-12-08 15:56:36", "elapsed": 4392.372741, "delta": 867.98856}}
{"target": 0.027063637660775807, "params": {"L1": 0.0009209221407510335, "L2": 0.2577847586915062, "LE": 0.0639831196613244, "NN": 493.38722528992685}, "datetime": {"datetime": "2019-12-08 16:16:58", "elapsed": 5614.620653, "delta": 1222.247912}}
{"target": 0.016656620454088816, "params": {"L1": 0.12962288844591174, "L2": 0.40126819294290883, "LE": 0.0870496038692783, "NN": 464.46482241500814}, "datetime": {"datetime": "2019-12-08 16:26:00", "elapsed": 6155.762137, "delta": 541.141484}}
{"target": 0.026961705002431547, "params": {"L1": 0.0012068848449685468, "L2": 0.23479723704161287, "LE": 0.09814705907322499, "NN": 223.51460979531123}, "datetime": {"datetime": "2019-12-08 16:36:29", "elapsed": 6785.431116, "delta": 629.668979}}
{"target": 0.011415686068960675, "params": {"L1": 0.40688486554570036, "L2": 0.27327360333644163, "LE": 0.07708770017315106, "NN": 263.0682944946907}, "datetime": {"datetime": "2019-12-08 16:42:22", "elapsed": 7138.063105, "delta": 352.631989}}
{"target": 0.029696211267482616, "params": {"L1": 0.01465287067999159, "L2": 0.043354191632262326, "LE": 0.011154266699678552, "NN": 155.5727513776519}, "datetime": {"datetime": "2019-12-08 17:10:45", "elapsed": 8841.124279, "delta": 1703.061174}}
{"target": 0.010394423041643716, "params": {"L1": 0.48246115473392986, "L2": 0.31591984976359894, "LE": 0.08166785365951004, "NN": 300.39771820266793}, "datetime": {"datetime": "2019-12-08 17:17:10", "elapsed": 9226.068076, "delta": 384.943797}}
{"target": 0.02895983844525402, "params": {"L1": 0.0001, "L2": 0.0001, "LE": 1e-05, "NN": 40.0}, "datetime": {"datetime": "2019-12-08 17:35:01", "elapsed": 10296.771567, "delta": 1070.703491}}
{"target": 0.030497578717171545, "params": {"L1": 0.0001, "L2": 0.0001, "LE": 1e-05, "NN": 80.08275552427241}, "datetime": {"datetime": "2019-12-08 17:56:58", "elapsed": 11614.523542, "delta": 1317.751975}}
{"target": 0.028780710107072238, "params": {"L1": 0.5, "L2": 0.5, "LE": 1e-05, "NN": 417.6896848179325}, "datetime": {"datetime": "2019-12-08 18:36:11", "elapsed": 13966.928407, "delta": 2352.404865}}
{"target": 0.03241296922364622, "params": {"L1": 0.5, "L2": 0.5, "LE": 1e-05, "NN": 347.18768216620043}, "datetime": {"datetime": "2019-12-08 18:53:41", "elapsed": 15017.250628, "delta": 1050.322221}}
{"target": 0.03237311924708738, "params": {"L1": 0.0001, "L2": 0.5, "LE": 1.0025199253327697e-05, "NN": 198.1141798005289}, "datetime": {"datetime": "2019-12-08 19:04:23", "elapsed": 15659.02791, "delta": 641.777282}}
{"target": 0.03066814593506952, "params": {"L1": 0.01184080991712291, "L2": 0.02826295032527425, "LE": 0.0069750567644716, "NN": 104.97536685072899}, "datetime": {"datetime": "2019-12-08 19:38:21", "elapsed": 17696.860413, "delta": 2037.832503}}
{"target": 0.011277718082891427, "params": {"L1": 0.47847953885006406, "L2": 0.49631833298475364, "LE": 0.03970712408794952, "NN": 439.58839080707895}, "datetime": {"datetime": "2019-12-08 19:43:05", "elapsed": 17981.623798, "delta": 284.763385}}
{"target": 0.029099728315468597, "params": {"L1": 0.016396647119702165, "L2": 0.4999619574857531, "LE": 0.06298205264227542, "NN": 57.20959645418422}, "datetime": {"datetime": "2019-12-08 19:48:23", "elapsed": 18299.233065, "delta": 317.609267}}
