{"target": 0.028598728062129333, "params": {"L1": 0.4801173349713183, "L2": 0.094288486332408, "LE": 0.002440413097332402, "NN": 134.0955513347773} 
{target= 0,0306 , lambda_i=0.0926694015, lambda_j=0.001697250, learning_rate=0.002391, epoch=100, topK=200}
{"target": 0.029696211267482616, "params": {epochs=155(da assicurare) "L1": 0.01465287067999159, "L2": 0.043354191632262326, "LE": 0.011154266699678552, "NN": 155.5727513776519}
{"target": 0.030497578717171545, "params": {epochs=180, "L1": 0.0001, "L2": 0.0001, "LE": 1e-05, "NN": 80.08275552427241}
{"target": 0.03237311924708738, "params": {"L1": 0.0001, "L2": 0.5, "LE": 1.0025199253327697e-05, "NN": 198.1141798005289}
{"target": 0.03241296922364622, "params": {"L1": 0.5, "L2": 0.5, "LE": 1e-05, "NN": 347.18768216620043}
target 0.0303 epochs=65 {"L1": 0.022277117791864975, "L2": 0.0870861573871199, "LE": 0.02067984834238925, "NN": 214.3027635556545}, "datetime": {"datetime": "2019-12-10 02:55:39", "elapsed": 443.07174, "delta": 443.07174}
target 0.0325 epochs =60 {"L1": 0.029750370107464574, "L2": 0.01885335074325904, "LE": 0.008083319463799837, "NN": 201.6908207339279}
after debug:  target 0.0320 epochs=65 {"L1": 0.0024671994276419217, "L2": 0.09994690625186359, "LE": 0.003630413776271398, "NN": 162.195761952736}
target 0.313 epochs = 30 {"L1": 0.02975, "L2": 0.01885, "LE": 0.008, "NN": 201.0}
target 0.318 epochs =50 {"L1": 0.0007915290269129346, "L2": 0.09210060502331023, "LE": 0.0005191379311628656, "NN": 176.0523729332946}