{"target": 0.02465762597651222, "params": {"BA": 4.923954119278034, "EP": 22.074098546231305, "LE": 4.648987433636128, "NN": 272.48698771860063}, "datetime": {"datetime": "2019-12-04 17:14:49", "elapsed": 0.0, "delta": 0.0}}
{"target": 0.024774476156642293, "params": {"BA": 4.783310218787401, "EP": 46.42678568030993, "LE": 3.6139459021135276, "NN": 379.17716048338497}, "datetime": {"datetime": "2019-12-04 17:15:50", "elapsed": 61.466661, "delta": 61.466661}}
{"target": 0.02506340324960155, "params": {"BA": 3.6968920630707083, "EP": 41.346182008229334, "LE": 4.863401498307885, "NN": 326.9024146806827}, "datetime": {"datetime": "2019-12-04 17:16:49", "elapsed": 120.417525, "delta": 58.950864}}
{"target": 0.024827817356348807, "params": {"BA": 2.211219508104402, "EP": 61.08624970125972, "LE": 3.553319596940746, "NN": 475.4943857336706}, "datetime": {"datetime": "2019-12-04 17:17:53", "elapsed": 184.241136, "delta": 63.823611}}
{"target": 0.02574356962762309, "params": {"BA": 8.6857776337554, "EP": 59.53894699055422, "LE": 5.539684456072404, "NN": 66.19437666525538}, "datetime": {"datetime": "2019-12-04 17:18:48", "elapsed": 239.276101, "delta": 55.034965}}
{"target": 0.024827500163882767, "params": {"BA": 5.547214811095335, "EP": 25.222920350950247, "LE": 4.284366982792168, "NN": 75.98793108315527}, "datetime": {"datetime": "2019-12-04 17:19:39", "elapsed": 290.201541, "delta": 50.92544}}
{"target": 0.025381423940418545, "params": {"BA": 2.144439745311497, "EP": 67.73962471828767, "LE": 3.678036001812708, "NN": 82.02849689979013}, "datetime": {"datetime": "2019-12-04 17:20:35", "elapsed": 346.334806, "delta": 56.133265}}
{"target": 0.025461497416291126, "params": {"BA": 2.9827558636350373, "EP": 47.98610280026394, "LE": 4.403362453746901, "NN": 137.0110712336799}, "datetime": {"datetime": "2019-12-04 17:21:31", "elapsed": 401.824268, "delta": 55.489462}}
{"target": 0.025206368942769296, "params": {"BA": 6.763660526934233, "EP": 58.645586844140134, "LE": 4.515710160055647, "NN": 244.3977376487644}, "datetime": {"datetime": "2019-12-04 17:22:30", "elapsed": 460.515146, "delta": 58.690878}}
{"target": 0.025028794027195347, "params": {"BA": 8.142737089974194, "EP": 66.40033431022454, "LE": 3.4868957955069417, "NN": 426.4363610321506}, "datetime": {"datetime": "2019-12-04 17:23:33", "elapsed": 523.961017, "delta": 63.445871}}
{"target": 0.026117557166893263, "params": {"BA": 5.770004140301697, "EP": 99.57857578280726, "LE": 3.8452699875093947, "NN": 21.18574209100025}, "datetime": {"datetime": "2019-12-04 17:24:41", "elapsed": 591.747369, "delta": 67.786352}}
{"target": 0.026137839862916443, "params": {"BA": 8.2451883139358, "EP": 99.64856567816244, "LE": 3.739221303960565, "NN": 20.47897132269674}, "datetime": {"datetime": "2019-12-04 17:25:48", "elapsed": 658.512458, "delta": 66.765089}}
{"target": 0.026120094706621622, "params": {"BA": 1.1744267625867721, "EP": 99.86046626244531, "LE": 4.018925866475404, "NN": 22.628727475467556}, "datetime": {"datetime": "2019-12-04 17:26:55", "elapsed": 725.671559, "delta": 67.159101}}
{"target": 0.02509383610453817, "params": {"BA": 2.2496936071223654, "EP": 99.89330391215664, "LE": 5.7660391706700995, "NN": 598.4792776457903}, "datetime": {"datetime": "2019-12-04 17:28:15", "elapsed": 806.399424, "delta": 80.727865}}
{"target": 0.026141804768742002, "params": {"BA": 9.972613183653523, "EP": 99.5541318742241, "LE": 5.664445749479469, "NN": 23.18320604796231}, "datetime": {"datetime": "2019-12-04 17:29:23", "elapsed": 873.824245, "delta": 67.424821}}
{"target": 0.026194229634657697, "params": {"BA": 1.6253050701561746, "EP": 99.90984323489819, "LE": 3.4617958913624363, "NN": 23.200173323018156}, "datetime": {"datetime": "2019-12-04 17:30:30", "elapsed": 941.079388, "delta": 67.255143}}
{"target": 0.026137839862916443, "params": {"BA": 9.619902837905434, "EP": 99.57537999054485, "LE": 3.1538066377606016, "NN": 20.064379425471532}, "datetime": {"datetime": "2019-12-04 17:31:35", "elapsed": 1006.437875, "delta": 65.358487}}
{"target": 0.026088639787072213, "params": {"BA": 9.798070686671217, "EP": 99.73573248374625, "LE": 5.050089180424151, "NN": 21.49452922800313}, "datetime": {"datetime": "2019-12-04 17:32:41", "elapsed": 1072.486275, "delta": 66.0484}}
{"target": 0.026141804768742002, "params": {"BA": 1.9909474250524268, "EP": 99.88841104321445, "LE": 5.276286579875071, "NN": 23.327670034946728}, "datetime": {"datetime": "2019-12-04 17:33:48", "elapsed": 1139.492662, "delta": 67.006387}}
{"target": 0.02620721690396186, "params": {"BA": 1.0557729483557332, "EP": 99.72670034337096, "LE": 3.0289576462076138, "NN": 22.883201209800742}, "datetime": {"datetime": "2019-12-04 17:34:56", "elapsed": 1206.857555, "delta": 67.364893}}
{"target": 0.026137839862916443, "params": {"BA": 3.1501871137274016, "EP": 99.54874888189494, "LE": 3.0701939894338413, "NN": 20.628509530192048}, "datetime": {"datetime": "2019-12-04 17:36:02", "elapsed": 1272.786471, "delta": 65.928916}}
{"target": 0.026091582628284957, "params": {"BA": 9.542376345456072, "EP": 99.89583633048471, "LE": 4.701309342036033, "NN": 21.933000461585465}, "datetime": {"datetime": "2019-12-04 17:37:09", "elapsed": 1340.350385, "delta": 67.563914}}
{"target": 0.026079441205556924, "params": {"BA": 9.913372202631818, "EP": 99.98106750784089, "LE": 5.540467447357905, "NN": 20.699580084475585}, "datetime": {"datetime": "2019-12-04 17:38:17", "elapsed": 1408.072079, "delta": 67.721694}}
{"target": 0.026091582628284957, "params": {"BA": 1.27084106969154, "EP": 99.95999393424503, "LE": 4.826162137015677, "NN": 21.47516588613166}, "datetime": {"datetime": "2019-12-04 17:39:23", "elapsed": 1473.583625, "delta": 65.511546}}
{"target": 0.026091582628284957, "params": {"BA": 8.53152196428251, "EP": 99.85785440386674, "LE": 4.900042826680288, "NN": 21.18401254672144}, "datetime": {"datetime": "2019-12-04 17:40:30", "elapsed": 1540.886651, "delta": 67.303026}}
{"target": 0.024959293633524254, "params": {"BA": 8.593619649462212, "EP": 20.172341003257415, "LE": 5.9873150041559, "NN": 20.454994213789238}, "datetime": {"datetime": "2019-12-04 17:41:27", "elapsed": 1597.957529, "delta": 57.070878}}
{"target": 0.025099510325319634, "params": {"BA": 8.138117674185573, "EP": 99.98005241679954, "LE": 4.736199734491628, "NN": 598.8057957479004}, "datetime": {"datetime": "2019-12-04 17:42:46", "elapsed": 1677.392011, "delta": 79.434482}}
{"target": 0.02619722534128144, "params": {"BA": 1.370236466366166, "EP": 99.95467729214458, "LE": 3.476635266676874, "NN": 24.888302405452688}, "datetime": {"datetime": "2019-12-04 17:43:52", "elapsed": 1743.368407, "delta": 65.976396}}
{"target": 0.026117557166893263, "params": {"BA": 1.6883395014291893, "EP": 99.94981713204871, "LE": 3.4430095766594078, "NN": 21.1763425714341}, "datetime": {"datetime": "2019-12-04 17:44:58", "elapsed": 1808.710101, "delta": 65.341694}}
{"target": 0.026050312364091822, "params": {"BA": 9.295895859626032, "EP": 99.95144882843283, "LE": 5.329781242024334, "NN": 26.43261776095381}, "datetime": {"datetime": "2019-12-04 17:46:04", "elapsed": 1874.539381, "delta": 65.82928}}
